Using pre-set license
Built from '2021.3/staging' branch; Version is '2021.3.22f1 (b6c551784ba3) revision 11978065'; Using compiler version '192829333'; Build Type 'Release'
OS: 'Windows 10  (10.0.17763) 64bit EnterpriseS' Language: 'ru' Physical Memory: 8057 MB
BatchMode: 1, IsHumanControllingUs: 0, StartBugReporterOnCrash: 0, Is64bit: 1, IsPro: 1

COMMAND LINE ARGUMENTS:
E:\Unity\2021.3.22f1\Editor\Unity.exe
-adb2
-batchMode
-noUpm
-name
AssetImportWorker2
-projectPath
E:/GitHub repos/BrainGoose/BrainGoose
-logFile
Logs/AssetImportWorker2.log
-srvPort
50045
Successfully changed project path to: E:/GitHub repos/BrainGoose/BrainGoose
E:/GitHub repos/BrainGoose/BrainGoose
[UnityMemory] Configuration Parameters - Can be set up in boot.config
    "memorysetup-bucket-allocator-granularity=16"
    "memorysetup-bucket-allocator-bucket-count=8"
    "memorysetup-bucket-allocator-block-size=33554432"
    "memorysetup-bucket-allocator-block-count=8"
    "memorysetup-main-allocator-block-size=16777216"
    "memorysetup-thread-allocator-block-size=16777216"
    "memorysetup-gfx-main-allocator-block-size=16777216"
    "memorysetup-gfx-thread-allocator-block-size=16777216"
    "memorysetup-cache-allocator-block-size=4194304"
    "memorysetup-typetree-allocator-block-size=2097152"
    "memorysetup-profiler-bucket-allocator-granularity=16"
    "memorysetup-profiler-bucket-allocator-bucket-count=8"
    "memorysetup-profiler-bucket-allocator-block-size=33554432"
    "memorysetup-profiler-bucket-allocator-block-count=8"
    "memorysetup-profiler-allocator-block-size=16777216"
    "memorysetup-profiler-editor-allocator-block-size=1048576"
    "memorysetup-temp-allocator-size-main=16777216"
    "memorysetup-job-temp-allocator-block-size=2097152"
    "memorysetup-job-temp-allocator-block-size-background=1048576"
    "memorysetup-job-temp-allocator-reduction-small-platforms=262144"
    "memorysetup-temp-allocator-size-background-worker=32768"
    "memorysetup-temp-allocator-size-job-worker=262144"
    "memorysetup-temp-allocator-size-preload-manager=33554432"
    "memorysetup-temp-allocator-size-nav-mesh-worker=65536"
    "memorysetup-temp-allocator-size-audio-worker=65536"
    "memorysetup-temp-allocator-size-cloud-worker=32768"
    "memorysetup-temp-allocator-size-gi-baking-worker=262144"
    "memorysetup-temp-allocator-size-gfx=262144"
Player connection [20252] Host "[IP] 192.168.0.159 [Port] 0 [Flags] 2 [Guid] 3384271781 [EditorId] 3384271781 [Version] 1048832 [Id] WindowsEditor(7,WIN-POB58IS25TD) [Debug] 1 [PackageName] WindowsEditor [ProjectName] Editor" joined multi-casting on [225.0.0.222:54997]...

Player connection [20252] Host "[IP] 192.168.0.159 [Port] 0 [Flags] 2 [Guid] 3384271781 [EditorId] 3384271781 [Version] 1048832 [Id] WindowsEditor(7,WIN-POB58IS25TD) [Debug] 1 [PackageName] WindowsEditor [ProjectName] Editor" joined alternative multi-casting on [225.0.0.222:34997]...

Refreshing native plugins compatible for Editor in 282.18 ms, found 4 plugins.
Preloading 0 native plugins for Editor in 0.00 ms.
Initialize engine version: 2021.3.22f1 (b6c551784ba3)
[Subsystems] Discovering subsystems at path E:/Unity/2021.3.22f1/Editor/Data/Resources/UnitySubsystems
[Subsystems] Discovering subsystems at path E:/GitHub repos/BrainGoose/BrainGoose/Assets
GfxDevice: creating device client; threaded=0; jobified=0
Direct3D:
    Version:  Direct3D 11.0 [level 11.0]
    Renderer: Intel(R) HD Graphics 4000 (ID=0x166)
    Vendor:   Intel
    VRAM:     128 MB
    Driver:   10.18.10.4252
Initialize mono
Mono path[0] = 'E:/Unity/2021.3.22f1/Editor/Data/Managed'
Mono path[1] = 'E:/Unity/2021.3.22f1/Editor/Data/MonoBleedingEdge/lib/mono/unityjit-win32'
Mono config path = 'E:/Unity/2021.3.22f1/Editor/Data/MonoBleedingEdge/etc'
Using monoOptions --debugger-agent=transport=dt_socket,embedding=1,server=y,suspend=n,address=127.0.0.1:56156
Begin MonoManager ReloadAssembly
Registering precompiled unity dll's ...
Register platform support module: E:/Unity/2021.3.22f1/Editor/Data/PlaybackEngines/AndroidPlayer/UnityEditor.Android.Extensions.dll
Register platform support module: E:/Unity/2021.3.22f1/Editor/Data/PlaybackEngines/WindowsStandaloneSupport/UnityEditor.WindowsStandalone.Extensions.dll
Registered in 0.009807 seconds.
Native extension for WindowsStandalone target not found
Native extension for Android target not found
Android Extension - Scanning For ADB Devices 468 ms
Refreshing native plugins compatible for Editor in 240.94 ms, found 4 plugins.
Preloading 0 native plugins for Editor in 0.00 ms.
Mono: successfully reloaded assembly
- Completed reload, in  1.999 seconds
Domain Reload Profiling:
	ReloadAssembly (2000ms)
		BeginReloadAssembly (154ms)
			ExecutionOrderSort (0ms)
			DisableScriptedObjects (0ms)
			BackupInstance (0ms)
			ReleaseScriptingObjects (0ms)
			CreateAndSetChildDomain (1ms)
		EndReloadAssembly (1591ms)
			LoadAssemblies (154ms)
			RebuildTransferFunctionScriptingTraits (0ms)
			SetupTypeCache (230ms)
			ReleaseScriptCaches (0ms)
			RebuildScriptCaches (60ms)
			SetupLoadedEditorAssemblies (1183ms)
				LogAssemblyErrors (0ms)
				InitializePlatformSupportModulesInManaged (649ms)
				SetLoadedEditorAssemblies (0ms)
				RefreshPlugins (241ms)
				BeforeProcessingInitializeOnLoad (4ms)
				ProcessInitializeOnLoadAttributes (190ms)
				ProcessInitializeOnLoadMethodAttributes (98ms)
				AfterProcessingInitializeOnLoad (0ms)
				EditorAssembliesLoaded (0ms)
			ExecutionOrderSort2 (0ms)
			AwakeInstancesAfterBackupRestoration (0ms)
Platform modules already initialized, skipping
Registering precompiled user dll's ...
Registered in 0.009606 seconds.
Begin MonoManager ReloadAssembly
Symbol file LoadedFromMemory doesn't match image E:\GitHub repos\BrainGoose\BrainGoose\Library\PackageCache\com.unity.visualscripting@1.8.0\Editor\VisualScripting.Core\Dependencies\YamlDotNet\Unity.VisualScripting.YamlDotNet.dll
Symbol file LoadedFromMemory doesn't match image E:\GitHub repos\BrainGoose\BrainGoose\Library\PackageCache\com.unity.visualscripting@1.8.0\Editor\VisualScripting.Core\Dependencies\DotNetZip\Unity.VisualScripting.IonicZip.dll
Native extension for WindowsStandalone target not found
Native extension for Android target not found
Refreshing native plugins compatible for Editor in 205.80 ms, found 4 plugins.
Preloading 0 native plugins for Editor in 0.00 ms.
Mono: successfully reloaded assembly
Package Manager log level set to [2]
- Completed reload, in  2.405 seconds
Domain Reload Profiling:
	ReloadAssembly (2406ms)
		BeginReloadAssembly (228ms)
			ExecutionOrderSort (0ms)
			DisableScriptedObjects (12ms)
			BackupInstance (0ms)
			ReleaseScriptingObjects (0ms)
			CreateAndSetChildDomain (31ms)
		EndReloadAssembly (1977ms)
			LoadAssemblies (174ms)
			RebuildTransferFunctionScriptingTraits (0ms)
			SetupTypeCache (597ms)
			ReleaseScriptCaches (1ms)
			RebuildScriptCaches (135ms)
			SetupLoadedEditorAssemblies (938ms)
				LogAssemblyErrors (0ms)
				InitializePlatformSupportModulesInManaged (29ms)
				SetLoadedEditorAssemblies (0ms)
				RefreshPlugins (206ms)
				BeforeProcessingInitializeOnLoad (186ms)
				ProcessInitializeOnLoadAttributes (436ms)
				ProcessInitializeOnLoadMethodAttributes (74ms)
				AfterProcessingInitializeOnLoad (5ms)
				EditorAssembliesLoaded (0ms)
			ExecutionOrderSort2 (0ms)
			AwakeInstancesAfterBackupRestoration (11ms)
Platform modules already initialized, skipping
========================================================================
Worker process is ready to serve import requests
Launched and connected shader compiler UnityShaderCompiler.exe after 0.35 seconds
Refreshing native plugins compatible for Editor in 1.95 ms, found 4 plugins.
Preloading 0 native plugins for Editor in 0.00 ms.
Unloading 4026 Unused Serialized files (Serialized files now loaded: 0)
Unloading 56 unused Assets / (229.0 KB). Loaded Objects now: 4469.
Memory consumption went from 153.3 MB to 153.1 MB.
Total: 6.473400 ms (FindLiveObjects: 0.455200 ms CreateObjectMapping: 0.519900 ms MarkObjects: 5.205600 ms  DeleteObjects: 0.290900 ms)

AssetImportParameters requested are different than current active one (requested -> active):
  custom:video-decoder-ogg-theora: a1e56fd34408186e4bbccfd4996cb3dc -> 
  custom:container-muxer-webm: aa71ff27fc2769a1b78a27578f13a17b -> 
  custom:container-demuxer-webm: 4f35f7cbe854078d1ac9338744f61a02 -> 
  custom:video-encoder-webm-vp8: eb34c28f22e8b96e1ab97ce403110664 -> 
  custom:audio-encoder-webm-vorbis: bf7c407c2cedff20999df2af8eb42d56 -> 
  custom:framework-win-MediaFoundation: 216162199b28c13a410421893ffa2e32 -> 
  custom:container-demuxer-ogg: 62fdf1f143b41e24485cea50d1cbac27 -> 
  custom:video-decoder-webm-vp8: 9c59270c3fd7afecdb556c50c9e8de78 -> 
  custom:audio-decoder-ogg-vorbis: bf7c407c2cedff20999df2af8eb42d56 -> 
========================================================================
Received Import Request.
  Time since last request: 8022840.770204 seconds.
  path: Assets/Scenes/PuzzleScene.unity
  artifactKey: Guid(8799ed2f4421b4149a634fff0ca63fe6) Importer(815301076,1909f56bfc062723c751e8b465ee728b)
Start importing Assets/Scenes/PuzzleScene.unity using Guid(8799ed2f4421b4149a634fff0ca63fe6) Importer(815301076,1909f56bfc062723c751e8b465ee728b)  -> (artifact id: '0da1247a4d352ad117ee59d7d8713cd2') in 0.024828 seconds 
========================================================================
Received Import Request.
  Time since last request: 0.000043 seconds.
  path: Assets/Scenes/Match-3Scene.unity
  artifactKey: Guid(797aa92e7f004304883726517e52a097) Importer(815301076,1909f56bfc062723c751e8b465ee728b)
Start importing Assets/Scenes/Match-3Scene.unity using Guid(797aa92e7f004304883726517e52a097) Importer(815301076,1909f56bfc062723c751e8b465ee728b)  -> (artifact id: '5ed581dc76ca0db79720de727a903c1e') in 0.015904 seconds 
========================================================================
Received Import Request.
  Time since last request: 0.000040 seconds.
  path: Assets/Scenes/Shibenica.unity
  artifactKey: Guid(e343fd6b4d0aa6a4187b968552743c3d) Importer(815301076,1909f56bfc062723c751e8b465ee728b)
Start importing Assets/Scenes/Shibenica.unity using Guid(e343fd6b4d0aa6a4187b968552743c3d) Importer(815301076,1909f56bfc062723c751e8b465ee728b)  -> (artifact id: '54853a29eac1acb3a3670a99f8d7b5a7') in 0.017936 seconds 
========================================================================
Received Import Request.
  Time since last request: 0.000034 seconds.
  path: Assets/Scenes/TextMysteriesScene.unity
  artifactKey: Guid(c1faf93abab6e0f41a24b2089c794bb3) Importer(815301076,1909f56bfc062723c751e8b465ee728b)
Start importing Assets/Scenes/TextMysteriesScene.unity using Guid(c1faf93abab6e0f41a24b2089c794bb3) Importer(815301076,1909f56bfc062723c751e8b465ee728b)  -> (artifact id: '6797a608260303b1c2a5a3e3568d23b1') in 0.017174 seconds 
========================================================================
Received Import Request.
  Time since last request: 247.593425 seconds.
  path: Assets/Scripts
  artifactKey: Guid(eded6c73f5e7bd0449e617060382eb5c) Importer(815301076,1909f56bfc062723c751e8b465ee728b)
Start importing Assets/Scripts using Guid(eded6c73f5e7bd0449e617060382eb5c) Importer(815301076,1909f56bfc062723c751e8b465ee728b)  -> (artifact id: '9f7781d15989240e71daabc2b5f2e745') in 0.029151 seconds 
========================================================================
Received Import Request.
  Time since last request: 4.179720 seconds.
  path: Assets/Scripts/CandyBehaviour.cs
  artifactKey: Guid(bca70a4ae7877ed41b63a91700f83834) Importer(815301076,1909f56bfc062723c751e8b465ee728b)
Start importing Assets/Scripts/CandyBehaviour.cs using Guid(bca70a4ae7877ed41b63a91700f83834) Importer(815301076,1909f56bfc062723c751e8b465ee728b)  -> (artifact id: '62917cceec8b0c1558d32de416d69f75') in 0.141757 seconds 
========================================================================
Received Prepare
Registering precompiled user dll's ...
Registered in 0.014186 seconds.
Begin MonoManager ReloadAssembly
Symbol file LoadedFromMemory doesn't match image E:\GitHub repos\BrainGoose\BrainGoose\Library\PackageCache\com.unity.visualscripting@1.8.0\Editor\VisualScripting.Core\Dependencies\YamlDotNet\Unity.VisualScripting.YamlDotNet.dll
Symbol file LoadedFromMemory doesn't match image E:\GitHub repos\BrainGoose\BrainGoose\Library\PackageCache\com.unity.visualscripting@1.8.0\Editor\VisualScripting.Core\Dependencies\DotNetZip\Unity.VisualScripting.IonicZip.dll
Native extension for WindowsStandalone target not found
Native extension for Android target not found
Refreshing native plugins compatible for Editor in 1.30 ms, found 4 plugins.
Preloading 0 native plugins for Editor in 0.00 ms.
Mono: successfully reloaded assembly
- Completed reload, in  2.163 seconds
Domain Reload Profiling:
	ReloadAssembly (2165ms)
		BeginReloadAssembly (286ms)
			ExecutionOrderSort (0ms)
			DisableScriptedObjects (21ms)
			BackupInstance (0ms)
			ReleaseScriptingObjects (0ms)
			CreateAndSetChildDomain (83ms)
		EndReloadAssembly (1677ms)
			LoadAssemblies (204ms)
			RebuildTransferFunctionScriptingTraits (0ms)
			SetupTypeCache (521ms)
			ReleaseScriptCaches (2ms)
			RebuildScriptCaches (92ms)
			SetupLoadedEditorAssemblies (723ms)
				LogAssemblyErrors (0ms)
				InitializePlatformSupportModulesInManaged (31ms)
				SetLoadedEditorAssemblies (2ms)
				RefreshPlugins (1ms)
				BeforeProcessingInitializeOnLoad (190ms)
				ProcessInitializeOnLoadAttributes (409ms)
				ProcessInitializeOnLoadMethodAttributes (77ms)
				AfterProcessingInitializeOnLoad (12ms)
				EditorAssembliesLoaded (1ms)
			ExecutionOrderSort2 (0ms)
			AwakeInstancesAfterBackupRestoration (21ms)
Platform modules already initialized, skipping
Refreshing native plugins compatible for Editor in 14.16 ms, found 4 plugins.
Preloading 0 native plugins for Editor in 0.00 ms.
Unloading 4006 Unused Serialized files (Serialized files now loaded: 0)
Unloading 45 unused Assets / (195.8 KB). Loaded Objects now: 4470.
Memory consumption went from 151.5 MB to 151.3 MB.
Total: 9.128300 ms (FindLiveObjects: 0.807700 ms CreateObjectMapping: 0.515800 ms MarkObjects: 7.451000 ms  DeleteObjects: 0.351000 ms)

AssetImportParameters requested are different than current active one (requested -> active):
  custom:video-decoder-ogg-theora: a1e56fd34408186e4bbccfd4996cb3dc -> 
  custom:container-muxer-webm: aa71ff27fc2769a1b78a27578f13a17b -> 
  custom:container-demuxer-webm: 4f35f7cbe854078d1ac9338744f61a02 -> 
  custom:video-encoder-webm-vp8: eb34c28f22e8b96e1ab97ce403110664 -> 
  custom:audio-encoder-webm-vorbis: bf7c407c2cedff20999df2af8eb42d56 -> 
  custom:framework-win-MediaFoundation: 216162199b28c13a410421893ffa2e32 -> 
  custom:container-demuxer-ogg: 62fdf1f143b41e24485cea50d1cbac27 -> 
  custom:video-decoder-webm-vp8: 9c59270c3fd7afecdb556c50c9e8de78 -> 
  custom:audio-decoder-ogg-vorbis: bf7c407c2cedff20999df2af8eb42d56 -> 
========================================================================
Received Import Request.
  Time since last request: 77.442159 seconds.
  path: Assets/Scripts/ButtonAnswerCheck.cs
  artifactKey: Guid(83bb69ed9abbacf478b43909f769f9e6) Importer(815301076,1909f56bfc062723c751e8b465ee728b)
Start importing Assets/Scripts/ButtonAnswerCheck.cs using Guid(83bb69ed9abbacf478b43909f769f9e6) Importer(815301076,1909f56bfc062723c751e8b465ee728b)  -> (artifact id: 'd3eeb91977869c568c29dcfd7c26cc44') in 0.025114 seconds 
========================================================================
Received Prepare
Registering precompiled user dll's ...
Registered in 0.012318 seconds.
Begin MonoManager ReloadAssembly
Symbol file LoadedFromMemory doesn't match image E:\GitHub repos\BrainGoose\BrainGoose\Library\PackageCache\com.unity.visualscripting@1.8.0\Editor\VisualScripting.Core\Dependencies\YamlDotNet\Unity.VisualScripting.YamlDotNet.dll
Symbol file LoadedFromMemory doesn't match image E:\GitHub repos\BrainGoose\BrainGoose\Library\PackageCache\com.unity.visualscripting@1.8.0\Editor\VisualScripting.Core\Dependencies\DotNetZip\Unity.VisualScripting.IonicZip.dll
Native extension for WindowsStandalone target not found
Native extension for Android target not found
Refreshing native plugins compatible for Editor in 1.59 ms, found 4 plugins.
Preloading 0 native plugins for Editor in 0.00 ms.
Mono: successfully reloaded assembly
- Completed reload, in  2.160 seconds
Domain Reload Profiling:
	ReloadAssembly (2162ms)
		BeginReloadAssembly (296ms)
			ExecutionOrderSort (0ms)
			DisableScriptedObjects (15ms)
			BackupInstance (0ms)
			ReleaseScriptingObjects (0ms)
			CreateAndSetChildDomain (96ms)
		EndReloadAssembly (1688ms)
			LoadAssemblies (172ms)
			RebuildTransferFunctionScriptingTraits (0ms)
			SetupTypeCache (526ms)
			ReleaseScriptCaches (2ms)
			RebuildScriptCaches (95ms)
			SetupLoadedEditorAssemblies (781ms)
				LogAssemblyErrors (0ms)
				InitializePlatformSupportModulesInManaged (31ms)
				SetLoadedEditorAssemblies (2ms)
				RefreshPlugins (2ms)
				BeforeProcessingInitializeOnLoad (142ms)
				ProcessInitializeOnLoadAttributes (532ms)
				ProcessInitializeOnLoadMethodAttributes (66ms)
				AfterProcessingInitializeOnLoad (6ms)
				EditorAssembliesLoaded (0ms)
			ExecutionOrderSort2 (0ms)
			AwakeInstancesAfterBackupRestoration (13ms)
Platform modules already initialized, skipping
Refreshing native plugins compatible for Editor in 8.07 ms, found 4 plugins.
Preloading 0 native plugins for Editor in 0.00 ms.
Unloading 4006 Unused Serialized files (Serialized files now loaded: 0)
Unloading 43 unused Assets / (195.8 KB). Loaded Objects now: 4473.
Memory consumption went from 151.5 MB to 151.3 MB.
Total: 8.965100 ms (FindLiveObjects: 0.383300 ms CreateObjectMapping: 0.261100 ms MarkObjects: 7.961500 ms  DeleteObjects: 0.356700 ms)

AssetImportParameters requested are different than current active one (requested -> active):
  custom:video-decoder-ogg-theora: a1e56fd34408186e4bbccfd4996cb3dc -> 
  custom:container-muxer-webm: aa71ff27fc2769a1b78a27578f13a17b -> 
  custom:container-demuxer-webm: 4f35f7cbe854078d1ac9338744f61a02 -> 
  custom:video-encoder-webm-vp8: eb34c28f22e8b96e1ab97ce403110664 -> 
  custom:audio-encoder-webm-vorbis: bf7c407c2cedff20999df2af8eb42d56 -> 
  custom:framework-win-MediaFoundation: 216162199b28c13a410421893ffa2e32 -> 
  custom:container-demuxer-ogg: 62fdf1f143b41e24485cea50d1cbac27 -> 
  custom:video-decoder-webm-vp8: 9c59270c3fd7afecdb556c50c9e8de78 -> 
  custom:audio-decoder-ogg-vorbis: bf7c407c2cedff20999df2af8eb42d56 -> 
========================================================================
Received Import Request.
  Time since last request: 611.098466 seconds.
  path: Assets/Sprites/Free 2D Adventure Beach Pack/day-backgrounds/beach-cloud-03.png
  artifactKey: Guid(4c1e199e844355f4eb3e54698bc734a8) Importer(815301076,1909f56bfc062723c751e8b465ee728b)
Start importing Assets/Sprites/Free 2D Adventure Beach Pack/day-backgrounds/beach-cloud-03.png using Guid(4c1e199e844355f4eb3e54698bc734a8) Importer(815301076,1909f56bfc062723c751e8b465ee728b)  -> (artifact id: '13bff9ba625ed4af62fd864e13360bb0') in 0.494125 seconds 
========================================================================
Received Import Request.
  Time since last request: 0.000047 seconds.
  path: Assets/Sprites/Free 2D Cartoon Parallax Background/!_Moutain/Layer_2.png
  artifactKey: Guid(f742986c8cfb0f9408700b55894aba73) Importer(815301076,1909f56bfc062723c751e8b465ee728b)
Start importing Assets/Sprites/Free 2D Cartoon Parallax Background/!_Moutain/Layer_2.png using Guid(f742986c8cfb0f9408700b55894aba73) Importer(815301076,1909f56bfc062723c751e8b465ee728b)  -> (artifact id: '929d77850e6134d4a69b3c6000a9b5c3') in 0.478499 seconds 
========================================================================
Received Import Request.
  Time since last request: 0.000057 seconds.
  path: Assets/Sprites/Free 2D Adventure Beach Pack/day-backgrounds/beach-cloud-01.png
  artifactKey: Guid(b928bb9af722d604a8c961b6e15e4885) Importer(815301076,1909f56bfc062723c751e8b465ee728b)
Start importing Assets/Sprites/Free 2D Adventure Beach Pack/day-backgrounds/beach-cloud-01.png using Guid(b928bb9af722d604a8c961b6e15e4885) Importer(815301076,1909f56bfc062723c751e8b465ee728b)  -> (artifact id: 'f42d62d01ae22a964e8bb1314d57f5ab') in 0.151272 seconds 
========================================================================
Received Import Request.
  Time since last request: 0.000030 seconds.
  path: Assets/Sprites/Free 2D Cartoon Parallax Background/2_Desert/Layer_1.png
  artifactKey: Guid(442d8366ad5d42f46acfc9133b342c22) Importer(815301076,1909f56bfc062723c751e8b465ee728b)
Start importing Assets/Sprites/Free 2D Cartoon Parallax Background/2_Desert/Layer_1.png using Guid(442d8366ad5d42f46acfc9133b342c22) Importer(815301076,1909f56bfc062723c751e8b465ee728b)  -> (artifact id: '7c903db6cc072aeda6ee1de239cebf4c') in 0.360469 seconds 
========================================================================
Received Import Request.
  Time since last request: 0.000043 seconds.
  path: Assets/Sprites/крок2 1.png
  artifactKey: Guid(b77f8e836fddd6141b0c5cccd386bc85) Importer(815301076,1909f56bfc062723c751e8b465ee728b)
Start importing Assets/Sprites/крок2 1.png using Guid(b77f8e836fddd6141b0c5cccd386bc85) Importer(815301076,1909f56bfc062723c751e8b465ee728b)  -> (artifact id: 'c8f368b959a9a0a936bc87b73428f246') in 0.051068 seconds 
========================================================================
Received Import Request.
  Time since last request: 0.000046 seconds.
  path: Assets/Sprites/Goose in fly to animate.png
  artifactKey: Guid(0c1b902a060a584429f5564175fea4c0) Importer(815301076,1909f56bfc062723c751e8b465ee728b)
Start importing Assets/Sprites/Goose in fly to animate.png using Guid(0c1b902a060a584429f5564175fea4c0) Importer(815301076,1909f56bfc062723c751e8b465ee728b)  -> (artifact id: '0c97364c5bf8946d3086cf0fa489caff') in 0.600862 seconds 
========================================================================
Received Import Request.
  Time since last request: 0.000035 seconds.
  path: Assets/Sprites/крок8.png
  artifactKey: Guid(dff1ee116e49f344c91050500f26afac) Importer(815301076,1909f56bfc062723c751e8b465ee728b)
Start importing Assets/Sprites/крок8.png using Guid(dff1ee116e49f344c91050500f26afac) Importer(815301076,1909f56bfc062723c751e8b465ee728b)  -> (artifact id: '4889c1921362a43772ee2b685ed59920') in 0.058660 seconds 
========================================================================
Received Import Request.
  Time since last request: 0.000046 seconds.
  path: Packages/com.unity.2d.animation/Editor/Assets/SkinningModule/Icons/Light/Weight_Slider@4x.png
  artifactKey: Guid(4e494ad3b858ecf4fab63aae9075d43d) Importer(815301076,1909f56bfc062723c751e8b465ee728b)
Start importing Packages/com.unity.2d.animation/Editor/Assets/SkinningModule/Icons/Light/Weight_Slider@4x.png using Guid(4e494ad3b858ecf4fab63aae9075d43d) Importer(815301076,1909f56bfc062723c751e8b465ee728b)  -> (artifact id: 'b223049bc17f6b6ca8568035b068c4fc') in 0.194320 seconds 
========================================================================
Received Import Request.
  Time since last request: 0.000043 seconds.
  path: Packages/com.unity.2d.animation/Editor/Assets/SkinningModule/Icons/Selected/Weight_Slider@4x.png
  artifactKey: Guid(ac47ed8ccc79cf04dae198b9cc5b3a6f) Importer(815301076,1909f56bfc062723c751e8b465ee728b)
Start importing Packages/com.unity.2d.animation/Editor/Assets/SkinningModule/Icons/Selected/Weight_Slider@4x.png using Guid(ac47ed8ccc79cf04dae198b9cc5b3a6f) Importer(815301076,1909f56bfc062723c751e8b465ee728b)  -> (artifact id: '9dab25d79b8889b81e84aa5a283664ab') in 0.116068 seconds 
========================================================================
Received Import Request.
  Time since last request: 0.000047 seconds.
  path: Assets/Sprites/sprites for 3InRow green.png
  artifactKey: Guid(07ba7e281affa8d41948ddb97e77b759) Importer(815301076,1909f56bfc062723c751e8b465ee728b)
Start importing Assets/Sprites/sprites for 3InRow green.png using Guid(07ba7e281affa8d41948ddb97e77b759) Importer(815301076,1909f56bfc062723c751e8b465ee728b)  -> (artifact id: 'f7260d5860092a6350e1bc49c97640b7') in 0.226865 seconds 
========================================================================
Received Import Request.
  Time since last request: 0.000056 seconds.
  path: Assets/Sprites/net for the game.png
  artifactKey: Guid(561a67c673dbb8a41ac7f6b142ff2b6b) Importer(815301076,1909f56bfc062723c751e8b465ee728b)
Start importing Assets/Sprites/net for the game.png using Guid(561a67c673dbb8a41ac7f6b142ff2b6b) Importer(815301076,1909f56bfc062723c751e8b465ee728b)  -> (artifact id: '133dae7d0152cb355dc7727d4ad51ca7') in 0.681323 seconds 
========================================================================
Received Import Request.
  Time since last request: 0.000047 seconds.
  path: Assets/Sprites/sprites for 3InRow blue.png
  artifactKey: Guid(a88d656600d30f54cac1bdb9d7cb8b20) Importer(815301076,1909f56bfc062723c751e8b465ee728b)
Start importing Assets/Sprites/sprites for 3InRow blue.png using Guid(a88d656600d30f54cac1bdb9d7cb8b20) Importer(815301076,1909f56bfc062723c751e8b465ee728b)  -> (artifact id: '401c2b92e91ddd7e0bef3e68f1c7789e') in 0.250532 seconds 
========================================================================
Received Import Request.
  Time since last request: 0.000036 seconds.
  path: Packages/com.unity.2d.animation/Editor/Assets/SkinningModule/Icons/Selected/Weight_Slider@3x.png
  artifactKey: Guid(af73899d5803d99448134360f184f348) Importer(815301076,1909f56bfc062723c751e8b465ee728b)
Start importing Packages/com.unity.2d.animation/Editor/Assets/SkinningModule/Icons/Selected/Weight_Slider@3x.png using Guid(af73899d5803d99448134360f184f348) Importer(815301076,1909f56bfc062723c751e8b465ee728b)  -> (artifact id: '9c20c26c99950037b7e9f754b78e6aa3') in 0.101543 seconds 
========================================================================
Received Import Request.
  Time since last request: 0.000046 seconds.
  path: Assets/Sprites/sprites for 3InRow lime.png
  artifactKey: Guid(4afb4aace17619349b8d35d6793f5d84) Importer(815301076,1909f56bfc062723c751e8b465ee728b)
Start importing Assets/Sprites/sprites for 3InRow lime.png using Guid(4afb4aace17619349b8d35d6793f5d84) Importer(815301076,1909f56bfc062723c751e8b465ee728b)  -> (artifact id: 'ebb0eb1b721c1ce65730c521ca631b40') in 0.479934 seconds 
========================================================================
Received Import Request.
  Time since last request: 0.000050 seconds.
  path: Assets/Sprites/sprites for 3InRow purple.png
  artifactKey: Guid(b691b897378e10a45a955a5af71c5c0d) Importer(815301076,1909f56bfc062723c751e8b465ee728b)
Start importing Assets/Sprites/sprites for 3InRow purple.png using Guid(b691b897378e10a45a955a5af71c5c0d) Importer(815301076,1909f56bfc062723c751e8b465ee728b)  -> (artifact id: '0edc1862bf1299ce9616c80b96193531') in 0.208810 seconds 
========================================================================
Received Import Request.
  Time since last request: 0.000048 seconds.
  path: Assets/Sprites/sprites for 3InRow cyan.png
  artifactKey: Guid(fec03d1004301d64f8c27d1c00492374) Importer(815301076,1909f56bfc062723c751e8b465ee728b)
Start importing Assets/Sprites/sprites for 3InRow cyan.png using Guid(fec03d1004301d64f8c27d1c00492374) Importer(815301076,1909f56bfc062723c751e8b465ee728b)  -> (artifact id: '52264fc16be87de67218763f3066f124') in 0.155513 seconds 
========================================================================
Received Import Request.
  Time since last request: 0.000036 seconds.
  path: Assets/Sprites/Free 2D Adventure Beach Pack/day-backgrounds/sea.png
  artifactKey: Guid(4e58f37568590424c84e23ed57de844f) Importer(815301076,1909f56bfc062723c751e8b465ee728b)
Start importing Assets/Sprites/Free 2D Adventure Beach Pack/day-backgrounds/sea.png using Guid(4e58f37568590424c84e23ed57de844f) Importer(815301076,1909f56bfc062723c751e8b465ee728b)  -> (artifact id: '3d0ec249fca6187c674ada0395fab87b') in 0.153465 seconds 
========================================================================
Received Import Request.
  Time since last request: 0.000077 seconds.
  path: Assets/Sprites/крок2.png
  artifactKey: Guid(50f52ea2131e95140bdb8283a1dc275b) Importer(815301076,1909f56bfc062723c751e8b465ee728b)
Start importing Assets/Sprites/крок2.png using Guid(50f52ea2131e95140bdb8283a1dc275b) Importer(815301076,1909f56bfc062723c751e8b465ee728b)  -> (artifact id: '3b6f61022922614018c45091e47765a6') in 0.054091 seconds 
========================================================================
Received Import Request.
  Time since last request: 0.000060 seconds.
  path: Assets/Sprites/sprites for 3InRow yellow.png
  artifactKey: Guid(6abd9bec4a234ae4081a3c8b8fe1b0c1) Importer(815301076,1909f56bfc062723c751e8b465ee728b)
Start importing Assets/Sprites/sprites for 3InRow yellow.png using Guid(6abd9bec4a234ae4081a3c8b8fe1b0c1) Importer(815301076,1909f56bfc062723c751e8b465ee728b)  -> (artifact id: '9aa64e1d5539bd5377807c3b1c171338') in 0.252061 seconds 
========================================================================
Received Import Request.
  Time since last request: 0.000044 seconds.
  path: Assets/Sprites/Free 2D Cartoon Parallax Background/2_Desert/Layer_3.png
  artifactKey: Guid(b5b8e73cc720ab446a25f00fc5ae7dc6) Importer(815301076,1909f56bfc062723c751e8b465ee728b)
Start importing Assets/Sprites/Free 2D Cartoon Parallax Background/2_Desert/Layer_3.png using Guid(b5b8e73cc720ab446a25f00fc5ae7dc6) Importer(815301076,1909f56bfc062723c751e8b465ee728b)  -> (artifact id: '9e04a3eeb8a0c1a17dc6b936762fd92a') in 0.535022 seconds 
========================================================================
Received Import Request.
  Time since last request: 0.000139 seconds.
  path: Assets/Sprites/Free 2D Cartoon Parallax Background/3_Graveyard/Layer_1.png
  artifactKey: Guid(680f8afb79e338a47a220c4a199533c5) Importer(815301076,1909f56bfc062723c751e8b465ee728b)
Start importing Assets/Sprites/Free 2D Cartoon Parallax Background/3_Graveyard/Layer_1.png using Guid(680f8afb79e338a47a220c4a199533c5) Importer(815301076,1909f56bfc062723c751e8b465ee728b)  -> (artifact id: 'e8b28cf2189e5ee8efcbcf07eb8168e7') in 0.326836 seconds 
========================================================================
Received Import Request.
  Time since last request: 0.000061 seconds.
  path: Assets/Sprites/Free 2D Cartoon Parallax Background/3_Graveyard/Layer_2.png
  artifactKey: Guid(e9313620d8b44324ea02f98a3ee892be) Importer(815301076,1909f56bfc062723c751e8b465ee728b)
Start importing Assets/Sprites/Free 2D Cartoon Parallax Background/3_Graveyard/Layer_2.png using Guid(e9313620d8b44324ea02f98a3ee892be) Importer(815301076,1909f56bfc062723c751e8b465ee728b)  -> (artifact id: 'cdd4d5378c627e99724078b02c072e10') in 0.258103 seconds 
========================================================================
Received Import Request.
  Time since last request: 0.000105 seconds.
  path: Assets/Sprites/Free 2D Cartoon Parallax Background/3_Graveyard/Layer_3.png
  artifactKey: Guid(ca6841502e6bca24187cacb218fd5561) Importer(815301076,1909f56bfc062723c751e8b465ee728b)
Start importing Assets/Sprites/Free 2D Cartoon Parallax Background/3_Graveyard/Layer_3.png using Guid(ca6841502e6bca24187cacb218fd5561) Importer(815301076,1909f56bfc062723c751e8b465ee728b)  -> (artifact id: 'd38a26cb5b0231dd95b64ff31b857dc3') in 0.324558 seconds 
========================================================================
Received Import Request.
  Time since last request: 0.000036 seconds.
  path: Assets/Sprites/Free 2D Cartoon Parallax Background/3_Graveyard/Layer_0.png
  artifactKey: Guid(86f917da3ee3c69479ab74f43290683f) Importer(815301076,1909f56bfc062723c751e8b465ee728b)
Start importing Assets/Sprites/Free 2D Cartoon Parallax Background/3_Graveyard/Layer_0.png using Guid(86f917da3ee3c69479ab74f43290683f) Importer(815301076,1909f56bfc062723c751e8b465ee728b)  -> (artifact id: '89ff5bdf8a52c6a42e5553d2151e69c7') in 0.290733 seconds 
========================================================================
Received Import Request.
  Time since last request: 0.000045 seconds.
  path: Assets/Sprites/Free 2D Adventure Beach Pack/day-backgrounds/wave-01.png
  artifactKey: Guid(5d538a12cf3065a4e95980515de57a8c) Importer(815301076,1909f56bfc062723c751e8b465ee728b)
Start importing Assets/Sprites/Free 2D Adventure Beach Pack/day-backgrounds/wave-01.png using Guid(5d538a12cf3065a4e95980515de57a8c) Importer(815301076,1909f56bfc062723c751e8b465ee728b)  -> (artifact id: '8408b5c6d2a083019f2607b2b3eb8849') in 0.382165 seconds 
========================================================================
Received Import Request.
  Time since last request: 0.000046 seconds.
  path: Assets/Sprites/крок3.png
  artifactKey: Guid(567a80ee7c4374b488ac92a3ec3d7847) Importer(815301076,1909f56bfc062723c751e8b465ee728b)
Start importing Assets/Sprites/крок3.png using Guid(567a80ee7c4374b488ac92a3ec3d7847) Importer(815301076,1909f56bfc062723c751e8b465ee728b)  -> (artifact id: '3ea351bb22af6ba35df9d14a739656fe') in 0.065906 seconds 
========================================================================
Received Import Request.
  Time since last request: 0.000093 seconds.
  path: Assets/Sprites/Free 2D Adventure Beach Pack/day-backgrounds/beach-mountain-01.png
  artifactKey: Guid(0642ff67fd5a90d4296a4f1f021b3600) Importer(815301076,1909f56bfc062723c751e8b465ee728b)
Start importing Assets/Sprites/Free 2D Adventure Beach Pack/day-backgrounds/beach-mountain-01.png using Guid(0642ff67fd5a90d4296a4f1f021b3600) Importer(815301076,1909f56bfc062723c751e8b465ee728b)  -> (artifact id: '003285465392fe5d9ea7aa748a93c364') in 0.275316 seconds 
========================================================================
Received Import Request.
  Time since last request: 0.000043 seconds.
  path: Assets/Sprites/Free 2D Cartoon Parallax Background/!_Moutain/Layer_0.png
  artifactKey: Guid(ab01f61b3c6a46c4587ab9734c601f5a) Importer(815301076,1909f56bfc062723c751e8b465ee728b)
Start importing Assets/Sprites/Free 2D Cartoon Parallax Background/!_Moutain/Layer_0.png using Guid(ab01f61b3c6a46c4587ab9734c601f5a) Importer(815301076,1909f56bfc062723c751e8b465ee728b)  -> (artifact id: '3cfb6e089e05e1cd93cb895de030a22c') in 0.260194 seconds 
========================================================================
Received Import Request.
  Time since last request: 0.000078 seconds.
  path: Assets/Sprites/Free 2D Cartoon Parallax Background/!_Moutain/Layer_1.png
  artifactKey: Guid(151eef41825813d4f96dd0d4c8ecdc2f) Importer(815301076,1909f56bfc062723c751e8b465ee728b)
Start importing Assets/Sprites/Free 2D Cartoon Parallax Background/!_Moutain/Layer_1.png using Guid(151eef41825813d4f96dd0d4c8ecdc2f) Importer(815301076,1909f56bfc062723c751e8b465ee728b)  -> (artifact id: '81dc8e31ab2eb3292a3002d8ac8b7f4d') in 0.284959 seconds 
========================================================================
Received Import Request.
  Time since last request: 0.000035 seconds.
  path: Assets/Sprites/Free 2D Adventure Beach Pack/day-backgrounds/beach-sky.png
  artifactKey: Guid(36af45f817607e24a8da35618654b7cc) Importer(815301076,1909f56bfc062723c751e8b465ee728b)
Start importing Assets/Sprites/Free 2D Adventure Beach Pack/day-backgrounds/beach-sky.png using Guid(36af45f817607e24a8da35618654b7cc) Importer(815301076,1909f56bfc062723c751e8b465ee728b)  -> (artifact id: '79ad41ecbd5d02c07d112fb4a158725b') in 0.463537 seconds 
========================================================================
Received Import Request.
  Time since last request: 0.000049 seconds.
  path: Assets/Sprites/Free 2D Cartoon Parallax Background/2_Desert/Layer_0.png
  artifactKey: Guid(c923db515dd60ec4e9cd1f350be245a9) Importer(815301076,1909f56bfc062723c751e8b465ee728b)
Start importing Assets/Sprites/Free 2D Cartoon Parallax Background/2_Desert/Layer_0.png using Guid(c923db515dd60ec4e9cd1f350be245a9) Importer(815301076,1909f56bfc062723c751e8b465ee728b)  -> (artifact id: '11e55a115475aaa8b3b76a7203fba610') in 0.443390 seconds 
========================================================================
Received Import Request.
  Time since last request: 0.000044 seconds.
  path: Assets/Sprites/Free 2D Cartoon Parallax Background/2_Desert/Layer_4.png
  artifactKey: Guid(01c1e211013f19a479f0e2c12fea10a2) Importer(815301076,1909f56bfc062723c751e8b465ee728b)
Start importing Assets/Sprites/Free 2D Cartoon Parallax Background/2_Desert/Layer_4.png using Guid(01c1e211013f19a479f0e2c12fea10a2) Importer(815301076,1909f56bfc062723c751e8b465ee728b)  -> (artifact id: '422c8f0fb67076a7fb85aac06cc07986') in 0.350888 seconds 
========================================================================
Received Import Request.
  Time since last request: 0.000050 seconds.
  path: Assets/Sprites/Free 2D Cartoon Parallax Background/3_Graveyard/Layer_4.png
  artifactKey: Guid(0ceb3b7f07f8bff499799cb7cfa69fcd) Importer(815301076,1909f56bfc062723c751e8b465ee728b)
Start importing Assets/Sprites/Free 2D Cartoon Parallax Background/3_Graveyard/Layer_4.png using Guid(0ceb3b7f07f8bff499799cb7cfa69fcd) Importer(815301076,1909f56bfc062723c751e8b465ee728b)  -> (artifact id: '7c1bd50530488ff06faffaa557bf42bc') in 0.340753 seconds 
========================================================================
Received Import Request.
  Time since last request: 0.000048 seconds.
  path: Assets/Sprites/sprites for 3InRow orange.png
  artifactKey: Guid(70c57c53e9eacfd489dab586c27d36c2) Importer(815301076,1909f56bfc062723c751e8b465ee728b)
Start importing Assets/Sprites/sprites for 3InRow orange.png using Guid(70c57c53e9eacfd489dab586c27d36c2) Importer(815301076,1909f56bfc062723c751e8b465ee728b)  -> (artifact id: 'ad5c57ff0e1d12bb1275c87e359fee45') in 0.405648 seconds 
========================================================================
Received Import Request.
  Time since last request: 0.000047 seconds.
  path: Packages/com.unity.2d.animation/Editor/Assets/SkinningModule/Icons/Light/Weight_Slider@3x.png
  artifactKey: Guid(ec8214d7d416a8746bb342b71e8e4269) Importer(815301076,1909f56bfc062723c751e8b465ee728b)
Start importing Packages/com.unity.2d.animation/Editor/Assets/SkinningModule/Icons/Light/Weight_Slider@3x.png using Guid(ec8214d7d416a8746bb342b71e8e4269) Importer(815301076,1909f56bfc062723c751e8b465ee728b)  -> (artifact id: '07cd33942fa385b42ccbb2984b49d5c7') in 0.122952 seconds 
========================================================================
Received Import Request.
  Time since last request: 0.000040 seconds.
  path: Assets/Sprites/button.png
  artifactKey: Guid(c2b95326bfe47d94b85b58c9ca0de71c) Importer(815301076,1909f56bfc062723c751e8b465ee728b)
Start importing Assets/Sprites/button.png using Guid(c2b95326bfe47d94b85b58c9ca0de71c) Importer(815301076,1909f56bfc062723c751e8b465ee728b)  -> (artifact id: '38167f24d0c1b42983374539655c7d2d') in 0.193033 seconds 
========================================================================
Received Import Request.
  Time since last request: 0.000037 seconds.
  path: Assets/Sprites/Free 2D Cartoon Parallax Background/2_Desert/Layer_2.png
  artifactKey: Guid(b670707b2788d99448bbb478fc248530) Importer(815301076,1909f56bfc062723c751e8b465ee728b)
Start importing Assets/Sprites/Free 2D Cartoon Parallax Background/2_Desert/Layer_2.png using Guid(b670707b2788d99448bbb478fc248530) Importer(815301076,1909f56bfc062723c751e8b465ee728b)  -> (artifact id: '5d481127bde1c403e0de4eb009509131') in 0.219101 seconds 
========================================================================
Received Import Request.
  Time since last request: 0.000060 seconds.
  path: Packages/com.unity.collab-proxy/Editor/PlasticSCM/Assets/Images/xlink.png
  artifactKey: Guid(556a2f3b046024d4c9621c1b4be5f0c1) Importer(815301076,1909f56bfc062723c751e8b465ee728b)
Start importing Packages/com.unity.collab-proxy/Editor/PlasticSCM/Assets/Images/xlink.png using Guid(556a2f3b046024d4c9621c1b4be5f0c1) Importer(815301076,1909f56bfc062723c751e8b465ee728b)  -> (artifact id: '2b85aadbb1155cdc1cb4e9b9f38edb3c') in 0.168027 seconds 
========================================================================
Received Import Request.
  Time since last request: 0.000072 seconds.
  path: Assets/Sprites/Free 2D Cartoon Parallax Background/!_Moutain/Layer_3.png
  artifactKey: Guid(072fb9c03f98b8541804c8632eda3b74) Importer(815301076,1909f56bfc062723c751e8b465ee728b)
Start importing Assets/Sprites/Free 2D Cartoon Parallax Background/!_Moutain/Layer_3.png using Guid(072fb9c03f98b8541804c8632eda3b74) Importer(815301076,1909f56bfc062723c751e8b465ee728b)  -> (artifact id: '4447ddecb5b36a6e22e6895c8157f8b8') in 0.496951 seconds 
========================================================================
Received Import Request.
  Time since last request: 0.000047 seconds.
  path: Assets/Sprites/Birds.png
  artifactKey: Guid(b4cfab9104449bf459aae974372c9f4a) Importer(815301076,1909f56bfc062723c751e8b465ee728b)
Start importing Assets/Sprites/Birds.png using Guid(b4cfab9104449bf459aae974372c9f4a) Importer(815301076,1909f56bfc062723c751e8b465ee728b)  -> (artifact id: '47b95e56c9c3795ac9bc936861cab137') in 0.139685 seconds 
========================================================================
Received Import Request.
  Time since last request: 0.000066 seconds.
  path: Assets/Sprites/sprites for 3InRow red.png
  artifactKey: Guid(501ed0b511776dd4eba02bab0e3f978f) Importer(815301076,1909f56bfc062723c751e8b465ee728b)
Start importing Assets/Sprites/sprites for 3InRow red.png using Guid(501ed0b511776dd4eba02bab0e3f978f) Importer(815301076,1909f56bfc062723c751e8b465ee728b)  -> (artifact id: 'eac2712f01f5364eaeed193152fee2a9') in 0.191253 seconds 
========================================================================
Received Import Request.
  Time since last request: 0.000044 seconds.
  path: Assets/Sprites/Free 2D Cartoon Parallax Background/!_Moutain/Layer_4.png
  artifactKey: Guid(17729fe1353b2f247bf96445ab7798b1) Importer(815301076,1909f56bfc062723c751e8b465ee728b)
Start importing Assets/Sprites/Free 2D Cartoon Parallax Background/!_Moutain/Layer_4.png using Guid(17729fe1353b2f247bf96445ab7798b1) Importer(815301076,1909f56bfc062723c751e8b465ee728b)  -> (artifact id: '676bb6930390a0514e6eb2e64a0c8f9a') in 0.295370 seconds 
========================================================================
Received Import Request.
  Time since last request: 0.000155 seconds.
  path: Assets/Sprites/Goose in fly.png
  artifactKey: Guid(a9bd64c7718acc341b7a1b5caf4dc92a) Importer(815301076,1909f56bfc062723c751e8b465ee728b)
Start importing Assets/Sprites/Goose in fly.png using Guid(a9bd64c7718acc341b7a1b5caf4dc92a) Importer(815301076,1909f56bfc062723c751e8b465ee728b)  -> (artifact id: '645d53ba221e094bcea8845ded7ff7bc') in 0.365172 seconds 
========================================================================
Received Import Request.
  Time since last request: 0.000045 seconds.
  path: Assets/Sprites/крок6.png
  artifactKey: Guid(f741f02102be9d843829efc045b9ee1e) Importer(815301076,1909f56bfc062723c751e8b465ee728b)
Start importing Assets/Sprites/крок6.png using Guid(f741f02102be9d843829efc045b9ee1e) Importer(815301076,1909f56bfc062723c751e8b465ee728b)  -> (artifact id: 'f4333f524a4a0464f918c9d2ff063734') in 0.071900 seconds 
========================================================================
Received Import Request.
  Time since last request: 210.144844 seconds.
  path: Assets/Sprites/Free 2D Adventure Beach Pack/night-backgrounds/night-beach-cloud-01.png
  artifactKey: Guid(4449ad5b30ffc8e4d8f6fb57caddc264) Importer(815301076,1909f56bfc062723c751e8b465ee728b)
Start importing Assets/Sprites/Free 2D Adventure Beach Pack/night-backgrounds/night-beach-cloud-01.png using Guid(4449ad5b30ffc8e4d8f6fb57caddc264) Importer(815301076,1909f56bfc062723c751e8b465ee728b)  -> (artifact id: '4186e70d8654ff47e1ec121cd5789943') in 0.195097 seconds 
========================================================================
Received Import Request.
  Time since last request: 0.000043 seconds.
  path: Assets/Sprites/Free 2D Adventure Beach Pack/night-backgrounds/night-wave-01.png
  artifactKey: Guid(d42b8e74f256a214ca3f0a45117db02d) Importer(815301076,1909f56bfc062723c751e8b465ee728b)
Start importing Assets/Sprites/Free 2D Adventure Beach Pack/night-backgrounds/night-wave-01.png using Guid(d42b8e74f256a214ca3f0a45117db02d) Importer(815301076,1909f56bfc062723c751e8b465ee728b)  -> (artifact id: 'b2b0e3d8c2a65e134e61c6dba63db600') in 0.267384 seconds 
========================================================================
Received Import Request.
  Time since last request: 0.000046 seconds.
  path: Assets/Sprites/Free 2D Adventure Beach Pack/night-backgrounds/night-beach-mountain-01.png
  artifactKey: Guid(000d1e68df8142e429f77f7e8f69e138) Importer(815301076,1909f56bfc062723c751e8b465ee728b)
Start importing Assets/Sprites/Free 2D Adventure Beach Pack/night-backgrounds/night-beach-mountain-01.png using Guid(000d1e68df8142e429f77f7e8f69e138) Importer(815301076,1909f56bfc062723c751e8b465ee728b)  -> (artifact id: 'c7a398cd00f0a43e816911f08ffbbd32') in 0.213058 seconds 
========================================================================
Received Import Request.
  Time since last request: 0.000044 seconds.
  path: Assets/Sprites/Free 2D Adventure Beach Pack/night-backgrounds/night-beach-sky.png
  artifactKey: Guid(7662955175de7594d82ecba6748cb9fb) Importer(815301076,1909f56bfc062723c751e8b465ee728b)
Start importing Assets/Sprites/Free 2D Adventure Beach Pack/night-backgrounds/night-beach-sky.png using Guid(7662955175de7594d82ecba6748cb9fb) Importer(815301076,1909f56bfc062723c751e8b465ee728b)  -> (artifact id: '6c419ec47540c3ab0a44c69543c9b33a') in 0.488993 seconds 
========================================================================
Received Import Request.
  Time since last request: 0.000061 seconds.
  path: Assets/Sprites/Free 2D Adventure Beach Pack/night-backgrounds/night-beach-cloud-03.png
  artifactKey: Guid(ba408030391c931409638bae4715dfae) Importer(815301076,1909f56bfc062723c751e8b465ee728b)
Start importing Assets/Sprites/Free 2D Adventure Beach Pack/night-backgrounds/night-beach-cloud-03.png using Guid(ba408030391c931409638bae4715dfae) Importer(815301076,1909f56bfc062723c751e8b465ee728b)  -> (artifact id: '1ce1e98a7ce575c8cb394c16b93a9ae1') in 0.130648 seconds 
========================================================================
Received Import Request.
  Time since last request: 0.000030 seconds.
  path: Assets/Sprites/Free 2D Adventure Beach Pack/night-backgrounds/night-sea.png
  artifactKey: Guid(e404f0a4c78ff58459dd3b82bb140d03) Importer(815301076,1909f56bfc062723c751e8b465ee728b)
Start importing Assets/Sprites/Free 2D Adventure Beach Pack/night-backgrounds/night-sea.png using Guid(e404f0a4c78ff58459dd3b82bb140d03) Importer(815301076,1909f56bfc062723c751e8b465ee728b)  -> (artifact id: '2507d54e7a8a873730781e8ba52cba38') in 0.159698 seconds 
========================================================================
Received Import Request.
  Time since last request: 1.143727 seconds.
  path: Assets/Sprites/Free 2D Adventure Beach Pack/sunset-backgrounds/sunset-beach-cloud-01.png
  artifactKey: Guid(8aed4928e775b05458e7c052024c5b57) Importer(815301076,1909f56bfc062723c751e8b465ee728b)
Start importing Assets/Sprites/Free 2D Adventure Beach Pack/sunset-backgrounds/sunset-beach-cloud-01.png using Guid(8aed4928e775b05458e7c052024c5b57) Importer(815301076,1909f56bfc062723c751e8b465ee728b)  -> (artifact id: 'ed4b2d2bf2869c462504e981ba50c3f6') in 0.172398 seconds 
========================================================================
Received Import Request.
  Time since last request: 0.000051 seconds.
  path: Assets/Sprites/Free 2D Adventure Beach Pack/sunset-backgrounds/sunset-sea.png
  artifactKey: Guid(845dd1b2a35a50a47bbcf4c5fc69ecca) Importer(815301076,1909f56bfc062723c751e8b465ee728b)
Start importing Assets/Sprites/Free 2D Adventure Beach Pack/sunset-backgrounds/sunset-sea.png using Guid(845dd1b2a35a50a47bbcf4c5fc69ecca) Importer(815301076,1909f56bfc062723c751e8b465ee728b)  -> (artifact id: '47d33350da7730ec0374a7a56eb3604f') in 0.206232 seconds 
========================================================================
Received Import Request.
  Time since last request: 0.000047 seconds.
  path: Assets/Sprites/Free 2D Adventure Beach Pack/sunset-backgrounds/sunset-wave-01.png
  artifactKey: Guid(cef95f086fda84140b17040b5aee84c6) Importer(815301076,1909f56bfc062723c751e8b465ee728b)
Start importing Assets/Sprites/Free 2D Adventure Beach Pack/sunset-backgrounds/sunset-wave-01.png using Guid(cef95f086fda84140b17040b5aee84c6) Importer(815301076,1909f56bfc062723c751e8b465ee728b)  -> (artifact id: '5c0798ae202308c040763b106c77779d') in 0.341260 seconds 
========================================================================
Received Import Request.
  Time since last request: 0.000044 seconds.
  path: Assets/Sprites/Free 2D Adventure Beach Pack/sunset-backgrounds/sunset-beach-sky.png
  artifactKey: Guid(77aaa989fb436984f88203f41e3010c9) Importer(815301076,1909f56bfc062723c751e8b465ee728b)
Start importing Assets/Sprites/Free 2D Adventure Beach Pack/sunset-backgrounds/sunset-beach-sky.png using Guid(77aaa989fb436984f88203f41e3010c9) Importer(815301076,1909f56bfc062723c751e8b465ee728b)  -> (artifact id: 'd3d055bceb71797afe6ffe5a40eeea5e') in 0.424367 seconds 
========================================================================
Received Import Request.
  Time since last request: 0.000047 seconds.
  path: Assets/Sprites/Free 2D Adventure Beach Pack/sunset-backgrounds/sunset-beach-mountain-01.png
  artifactKey: Guid(16d7cbbe79dd16e489cd088551c93c95) Importer(815301076,1909f56bfc062723c751e8b465ee728b)
Start importing Assets/Sprites/Free 2D Adventure Beach Pack/sunset-backgrounds/sunset-beach-mountain-01.png using Guid(16d7cbbe79dd16e489cd088551c93c95) Importer(815301076,1909f56bfc062723c751e8b465ee728b)  -> (artifact id: 'a76b68eeade2edad6000d47cafba5b1a') in 0.207471 seconds 
========================================================================
Received Import Request.
  Time since last request: 0.000040 seconds.
  path: Assets/Sprites/Free 2D Adventure Beach Pack/sunset-backgrounds/sunset-beach-cloud-03.png
  artifactKey: Guid(e4ecc41854fd60443a31fe65d8013f71) Importer(815301076,1909f56bfc062723c751e8b465ee728b)
Start importing Assets/Sprites/Free 2D Adventure Beach Pack/sunset-backgrounds/sunset-beach-cloud-03.png using Guid(e4ecc41854fd60443a31fe65d8013f71) Importer(815301076,1909f56bfc062723c751e8b465ee728b)  -> (artifact id: '6bbb95e5237975a44f92939b6e3c7cb7') in 0.160964 seconds 
========================================================================
Received Prepare
Registering precompiled user dll's ...
Registered in 0.011347 seconds.
Begin MonoManager ReloadAssembly
Symbol file LoadedFromMemory doesn't match image E:\GitHub repos\BrainGoose\BrainGoose\Library\PackageCache\com.unity.visualscripting@1.8.0\Editor\VisualScripting.Core\Dependencies\YamlDotNet\Unity.VisualScripting.YamlDotNet.dll
Symbol file LoadedFromMemory doesn't match image E:\GitHub repos\BrainGoose\BrainGoose\Library\PackageCache\com.unity.visualscripting@1.8.0\Editor\VisualScripting.Core\Dependencies\DotNetZip\Unity.VisualScripting.IonicZip.dll
Native extension for WindowsStandalone target not found
Native extension for Android target not found
Refreshing native plugins compatible for Editor in 2.08 ms, found 4 plugins.
Preloading 0 native plugins for Editor in 0.00 ms.
Mono: successfully reloaded assembly
- Completed reload, in  3.033 seconds
Domain Reload Profiling:
	ReloadAssembly (3035ms)
		BeginReloadAssembly (370ms)
			ExecutionOrderSort (0ms)
			DisableScriptedObjects (14ms)
			BackupInstance (0ms)
			ReleaseScriptingObjects (0ms)
			CreateAndSetChildDomain (71ms)
		EndReloadAssembly (2442ms)
			LoadAssemblies (332ms)
			RebuildTransferFunctionScriptingTraits (0ms)
			SetupTypeCache (675ms)
			ReleaseScriptCaches (4ms)
			RebuildScriptCaches (191ms)
			SetupLoadedEditorAssemblies (1047ms)
				LogAssemblyErrors (0ms)
				InitializePlatformSupportModulesInManaged (44ms)
				SetLoadedEditorAssemblies (1ms)
				RefreshPlugins (2ms)
				BeforeProcessingInitializeOnLoad (201ms)
				ProcessInitializeOnLoadAttributes (690ms)
				ProcessInitializeOnLoadMethodAttributes (102ms)
				AfterProcessingInitializeOnLoad (7ms)
				EditorAssembliesLoaded (1ms)
			ExecutionOrderSort2 (0ms)
			AwakeInstancesAfterBackupRestoration (20ms)
Platform modules already initialized, skipping
Refreshing native plugins compatible for Editor in 17.44 ms, found 4 plugins.
Preloading 0 native plugins for Editor in 0.00 ms.
Unloading 4006 Unused Serialized files (Serialized files now loaded: 0)
Unloading 43 unused Assets / (195.6 KB). Loaded Objects now: 4552.
Memory consumption went from 156.0 MB to 155.8 MB.
Total: 10.728800 ms (FindLiveObjects: 0.654600 ms CreateObjectMapping: 0.491000 ms MarkObjects: 9.185600 ms  DeleteObjects: 0.394000 ms)

AssetImportParameters requested are different than current active one (requested -> active):
  custom:video-decoder-ogg-theora: a1e56fd34408186e4bbccfd4996cb3dc -> 
  custom:container-muxer-webm: aa71ff27fc2769a1b78a27578f13a17b -> 
  custom:container-demuxer-webm: 4f35f7cbe854078d1ac9338744f61a02 -> 
  custom:video-encoder-webm-vp8: eb34c28f22e8b96e1ab97ce403110664 -> 
  custom:audio-encoder-webm-vorbis: bf7c407c2cedff20999df2af8eb42d56 -> 
  custom:framework-win-MediaFoundation: 216162199b28c13a410421893ffa2e32 -> 
  custom:container-demuxer-ogg: 62fdf1f143b41e24485cea50d1cbac27 -> 
  custom:video-decoder-webm-vp8: 9c59270c3fd7afecdb556c50c9e8de78 -> 
  custom:audio-decoder-ogg-vorbis: bf7c407c2cedff20999df2af8eb42d56 -> 
========================================================================
Received Prepare
Registering precompiled user dll's ...
Registered in 0.011752 seconds.
Begin MonoManager ReloadAssembly
Symbol file LoadedFromMemory doesn't match image E:\GitHub repos\BrainGoose\BrainGoose\Library\PackageCache\com.unity.visualscripting@1.8.0\Editor\VisualScripting.Core\Dependencies\YamlDotNet\Unity.VisualScripting.YamlDotNet.dll
Symbol file LoadedFromMemory doesn't match image E:\GitHub repos\BrainGoose\BrainGoose\Library\PackageCache\com.unity.visualscripting@1.8.0\Editor\VisualScripting.Core\Dependencies\DotNetZip\Unity.VisualScripting.IonicZip.dll
Native extension for WindowsStandalone target not found
Native extension for Android target not found
Refreshing native plugins compatible for Editor in 1.88 ms, found 4 plugins.
Preloading 0 native plugins for Editor in 0.00 ms.
Mono: successfully reloaded assembly
- Completed reload, in  3.146 seconds
Domain Reload Profiling:
	ReloadAssembly (3148ms)
		BeginReloadAssembly (275ms)
			ExecutionOrderSort (0ms)
			DisableScriptedObjects (20ms)
			BackupInstance (0ms)
			ReleaseScriptingObjects (0ms)
			CreateAndSetChildDomain (64ms)
		EndReloadAssembly (2585ms)
			LoadAssemblies (310ms)
			RebuildTransferFunctionScriptingTraits (0ms)
			SetupTypeCache (733ms)
			ReleaseScriptCaches (4ms)
			RebuildScriptCaches (129ms)
			SetupLoadedEditorAssemblies (1139ms)
				LogAssemblyErrors (0ms)
				InitializePlatformSupportModulesInManaged (46ms)
				SetLoadedEditorAssemblies (3ms)
				RefreshPlugins (2ms)
				BeforeProcessingInitializeOnLoad (188ms)
				ProcessInitializeOnLoadAttributes (782ms)
				ProcessInitializeOnLoadMethodAttributes (107ms)
				AfterProcessingInitializeOnLoad (10ms)
				EditorAssembliesLoaded (1ms)
			ExecutionOrderSort2 (0ms)
			AwakeInstancesAfterBackupRestoration (17ms)
Platform modules already initialized, skipping
Refreshing native plugins compatible for Editor in 16.13 ms, found 4 plugins.
Preloading 0 native plugins for Editor in 0.00 ms.
Unloading 4006 Unused Serialized files (Serialized files now loaded: 0)
Unloading 43 unused Assets / (195.6 KB). Loaded Objects now: 4555.
Memory consumption went from 156.0 MB to 155.8 MB.
Total: 12.628500 ms (FindLiveObjects: 1.294200 ms CreateObjectMapping: 0.719800 ms MarkObjects: 9.638400 ms  DeleteObjects: 0.971200 ms)

AssetImportParameters requested are different than current active one (requested -> active):
  custom:video-decoder-ogg-theora: a1e56fd34408186e4bbccfd4996cb3dc -> 
  custom:container-muxer-webm: aa71ff27fc2769a1b78a27578f13a17b -> 
  custom:container-demuxer-webm: 4f35f7cbe854078d1ac9338744f61a02 -> 
  custom:video-encoder-webm-vp8: eb34c28f22e8b96e1ab97ce403110664 -> 
  custom:audio-encoder-webm-vorbis: bf7c407c2cedff20999df2af8eb42d56 -> 
  custom:framework-win-MediaFoundation: 216162199b28c13a410421893ffa2e32 -> 
  custom:container-demuxer-ogg: 62fdf1f143b41e24485cea50d1cbac27 -> 
  custom:video-decoder-webm-vp8: 9c59270c3fd7afecdb556c50c9e8de78 -> 
  custom:audio-decoder-ogg-vorbis: bf7c407c2cedff20999df2af8eb42d56 -> 
========================================================================
Received Import Request.
  Time since last request: 159.729253 seconds.
  path: Assets/TextMesh Pro/Resources/Fonts & Materials/Capture it SDF.asset
  artifactKey: Guid(40edf71c6fdd3ed49a7ed07b2f63257d) Importer(815301076,1909f56bfc062723c751e8b465ee728b)
Start importing Assets/TextMesh Pro/Resources/Fonts & Materials/Capture it SDF.asset using Guid(40edf71c6fdd3ed49a7ed07b2f63257d) Importer(815301076,1909f56bfc062723c751e8b465ee728b)  -> (artifact id: '3a86cba3751b801cbaf60dde9a95fdec') in 0.857410 seconds 
========================================================================
Received Import Request.
  Time since last request: 0.000065 seconds.
  path: Assets/TextMesh Pro/Resources/Fonts & Materials/LiberationSans SDF - Outline.mat
  artifactKey: Guid(79459efec17a4d00a321bdcc27bbc385) Importer(815301076,1909f56bfc062723c751e8b465ee728b)
Start importing Assets/TextMesh Pro/Resources/Fonts & Materials/LiberationSans SDF - Outline.mat using Guid(79459efec17a4d00a321bdcc27bbc385) Importer(815301076,1909f56bfc062723c751e8b465ee728b)  -> (artifact id: '948ffea7a9326be7ec3c2688bc9ddac2') in 0.315370 seconds 
========================================================================
Received Import Request.
  Time since last request: 0.000069 seconds.
  path: Assets/TextMesh Pro/Resources/Fonts & Materials/LiberationSans SDF - Fallback.asset
  artifactKey: Guid(2e498d1c8094910479dc3e1b768306a4) Importer(815301076,1909f56bfc062723c751e8b465ee728b)
Start importing Assets/TextMesh Pro/Resources/Fonts & Materials/LiberationSans SDF - Fallback.asset using Guid(2e498d1c8094910479dc3e1b768306a4) Importer(815301076,1909f56bfc062723c751e8b465ee728b) Assertion failed on expression: 'startKeyIndex < mappingNodeRef.GetEnd()'
0x00007ff6fd53d4fd (Unity) StackWalker::GetCurrentCallstack
0x00007ff6fd5440b9 (Unity) StackWalker::ShowCallstack
0x00007ff6fe4dae23 (Unity) GetStacktrace
0x00007ff6feb89b5d (Unity) DebugStringToFile
0x00007ff6feb89882 (Unity) AssertImplementation
0x00007ff6fe787ada (Unity) UnityYAML::Document::GetValueForKeyInMapping
0x00007ff6fd525186 (Unity) YAMLRead::GetValueForKey
0x00007ff6fd5252ed (Unity) YAMLRead::GetValueForKeyWithNameConversion
0x00007ff6fcd654e4 (Unity) YAMLRead::Transfer<int>
0x00007ff6fd4a5d5e (Unity) Transfer_Blittable<YAMLRead,0,int>
0x00007ff6fd40f236 (Unity) ExecuteSerializationCommands<ConfigSettingsRead>
0x00007ff6fd49fabd (Unity) YAMLRead::TransferSTLStyleArray<ArrayOfManagedObjectsTransferer>
0x00007ff6fd47f68d (Unity) YAMLRead::Transfer<ArrayOfManagedObjectsTransferer>
0x00007ff6fd4b6a97 (Unity) Transfer_ManagedObject<YAMLRead,1>
0x00007ff6fd490fa0 (Unity) TransferField_LinearCollection<SafeBinaryRead>
0x00007ff6fd40f236 (Unity) ExecuteSerializationCommands<ConfigSettingsRead>
0x00007ff6fd4b6cad (Unity) Transfer_ManagedObject<YAMLRead,0>
0x00007ff6fd40f356 (Unity) ExecuteSerializationCommands<JSONRead>
0x00007ff6fd427c53 (Unity) <lambda_d4d95dac1825d5ffc4e385f6ea8312c8>::operator()
0x00007ff6fd42290c (Unity) TransferScriptingObject<YAMLRead>
0x00007ff6fd423ccc (Unity) SerializableManagedRefTransfer::TransferScriptingObjectWithSerializedRefSupport<YAMLRead>
0x00007ff6fd41de61 (Unity) MonoBehaviour::Transfer<YAMLRead>
0x00007ff6fd43b055 (Unity) MonoBehaviour::VirtualRedirectTransfer
0x00007ff6fd50a30c (Unity) SerializedFile::ReadObject
0x00007ff6fd4ef022 (Unity) PersistentManager::ReadAndActivateObjectThreaded
0x00007ff6fd4ef681 (Unity) PersistentManager::ReadObjectThreaded
0x00007ff6fd4ef437 (Unity) PersistentManager::ReadObject
0x00007ff6fe7c2c41 (Unity) WritePreviews
0x00007ff6fe7bb065 (Unity) PreviewImporter::GenerateAssetData
0x00007ff6fe801641 (Unity) ImportToObjects
0x00007ff6fe8005a3 (Unity) ImportAsset
0x00007ff6fe823001 (Unity) AssetImportWorker::Import
0x00007ff6fe88bfc8 (Unity) <lambda_99b277d5487eb03dd92980553670dd3c>::operator()
0x00007ff6fe8cd182 (Unity) asio::detail::completion_handler<core::mutable_function<void __cdecl(void)>,asio::io_context::basic_executor_type<std::allocator<void>,0> >::do_complete
0x00007ff6fe8b906e (Unity) asio::detail::win_iocp_io_context::do_one
0x00007ff6fe8bacd4 (Unity) asio::detail::win_iocp_io_context::run
0x00007ff6fe8cb56e (Unity) IOService::Run
0x00007ff6fe89dc7f (Unity) AssetImportWorkerClient::Run
0x00007ff6fe866293 (Unity) RunAssetImportWorkerClientV2
0x00007ff6fe86631b (Unity) RunAssetImporterV2
0x00007ff6fe07fcf8 (Unity) Application::InitializeProject
0x00007ff6fe4e5588 (Unity) WinMain
0x00007ff6ff8c315e (Unity) __scrt_common_main_seh
0x00007ffbbde47974 (KERNEL32) BaseThreadInitThunk
0x00007ffbbe1aa2f1 (ntdll) RtlUserThreadStart

 -> (artifact id: '728e2e37399dafe090feee4ce6989a0b') in 27.061445 seconds 
========================================================================
Received Import Request.
  Time since last request: 0.176269 seconds.
  path: Assets/TextMesh Pro/Resources/Fonts & Materials/LiberationSans SDF - Drop Shadow.mat
  artifactKey: Guid(e73a58f6e2794ae7b1b7e50b7fb811b0) Importer(815301076,1909f56bfc062723c751e8b465ee728b)
Start importing Assets/TextMesh Pro/Resources/Fonts & Materials/LiberationSans SDF - Drop Shadow.mat using Guid(e73a58f6e2794ae7b1b7e50b7fb811b0) Importer(815301076,1909f56bfc062723c751e8b465ee728b)  -> (artifact id: 'f7a48401a36b554ff19ade4f82ea3fda') in 0.274774 seconds 
========================================================================
Received Import Request.
  Time since last request: 0.000044 seconds.
  path: Assets/TextMesh Pro/Resources/Fonts & Materials/LiberationSans SDF.asset
  artifactKey: Guid(8f586378b4e144a9851e7b34d9b748ee) Importer(815301076,1909f56bfc062723c751e8b465ee728b)
Start importing Assets/TextMesh Pro/Resources/Fonts & Materials/LiberationSans SDF.asset using Guid(8f586378b4e144a9851e7b34d9b748ee) Importer(815301076,1909f56bfc062723c751e8b465ee728b) Assertion failed on expression: 'startKeyIndex < mappingNodeRef.GetEnd()'
0x00007ff6fd53d4fd (Unity) StackWalker::GetCurrentCallstack
0x00007ff6fd5440b9 (Unity) StackWalker::ShowCallstack
0x00007ff6fe4dae23 (Unity) GetStacktrace
0x00007ff6feb89b5d (Unity) DebugStringToFile
0x00007ff6feb89882 (Unity) AssertImplementation
0x00007ff6fe787ada (Unity) UnityYAML::Document::GetValueForKeyInMapping
0x00007ff6fd525186 (Unity) YAMLRead::GetValueForKey
0x00007ff6fd5252ed (Unity) YAMLRead::GetValueForKeyWithNameConversion
0x00007ff6fcd654e4 (Unity) YAMLRead::Transfer<int>
0x00007ff6fd4a5d5e (Unity) Transfer_Blittable<YAMLRead,0,int>
0x00007ff6fd40f236 (Unity) ExecuteSerializationCommands<ConfigSettingsRead>
0x00007ff6fd49fabd (Unity) YAMLRead::TransferSTLStyleArray<ArrayOfManagedObjectsTransferer>
0x00007ff6fd47f68d (Unity) YAMLRead::Transfer<ArrayOfManagedObjectsTransferer>
0x00007ff6fd4b6a97 (Unity) Transfer_ManagedObject<YAMLRead,1>
0x00007ff6fd490fa0 (Unity) TransferField_LinearCollection<SafeBinaryRead>
0x00007ff6fd40f236 (Unity) ExecuteSerializationCommands<ConfigSettingsRead>
0x00007ff6fd4b6cad (Unity) Transfer_ManagedObject<YAMLRead,0>
0x00007ff6fd40f356 (Unity) ExecuteSerializationCommands<JSONRead>
0x00007ff6fd427c53 (Unity) <lambda_d4d95dac1825d5ffc4e385f6ea8312c8>::operator()
0x00007ff6fd42290c (Unity) TransferScriptingObject<YAMLRead>
0x00007ff6fd423ccc (Unity) SerializableManagedRefTransfer::TransferScriptingObjectWithSerializedRefSupport<YAMLRead>
0x00007ff6fd41de61 (Unity) MonoBehaviour::Transfer<YAMLRead>
0x00007ff6fd43b055 (Unity) MonoBehaviour::VirtualRedirectTransfer
0x00007ff6fd50a30c (Unity) SerializedFile::ReadObject
0x00007ff6fd4ef022 (Unity) PersistentManager::ReadAndActivateObjectThreaded
0x00007ff6fd4ece11 (Unity) PersistentManager::LoadRemainingPreallocatedObjects
0x00007ff6fd4eb548 (Unity) PersistentManager::LoadAndIntegrateAllPreallocatedObjects
0x00007ff6fd4ef4a2 (Unity) PersistentManager::ReadObject
0x00007ff6fe7c2c41 (Unity) WritePreviews
0x00007ff6fe7bb065 (Unity) PreviewImporter::GenerateAssetData
0x00007ff6fe801641 (Unity) ImportToObjects
0x00007ff6fe8005a3 (Unity) ImportAsset
0x00007ff6fe823001 (Unity) AssetImportWorker::Import
0x00007ff6fe88bfc8 (Unity) <lambda_99b277d5487eb03dd92980553670dd3c>::operator()
0x00007ff6fe8cd182 (Unity) asio::detail::completion_handler<core::mutable_function<void __cdecl(void)>,asio::io_context::basic_executor_type<std::allocator<void>,0> >::do_complete
0x00007ff6fe8b906e (Unity) asio::detail::win_iocp_io_context::do_one
0x00007ff6fe8bacd4 (Unity) asio::detail::win_iocp_io_context::run
0x00007ff6fe8cb56e (Unity) IOService::Run
0x00007ff6fe89dc7f (Unity) AssetImportWorkerClient::Run
0x00007ff6fe866293 (Unity) RunAssetImportWorkerClientV2
0x00007ff6fe86631b (Unity) RunAssetImporterV2
0x00007ff6fe07fcf8 (Unity) Application::InitializeProject
0x00007ff6fe4e5588 (Unity) WinMain
0x00007ff6ff8c315e (Unity) __scrt_common_main_seh
0x00007ffbbde47974 (KERNEL32) BaseThreadInitThunk
0x00007ffbbe1aa2f1 (ntdll) RtlUserThreadStart

 -> (artifact id: 'd59b335ee1b8cd15152ebbf4b640a844') in 0.196327 seconds 
========================================================================
Received Import Request.
  Time since last request: 0.000131 seconds.
  path: Assets/TextMesh Pro/Resources/Fonts & Materials/Capture it.ttf
  artifactKey: Guid(5bbf72644a78f78469d39d35652cd4af) Importer(815301076,1909f56bfc062723c751e8b465ee728b)
Start importing Assets/TextMesh Pro/Resources/Fonts & Materials/Capture it.ttf using Guid(5bbf72644a78f78469d39d35652cd4af) Importer(815301076,1909f56bfc062723c751e8b465ee728b)  -> (artifact id: '4a0bb08ae6ad5d169768742888b71902') in 0.219010 seconds 
========================================================================
Received Import Request.
  Time since last request: 94.459459 seconds.
  path: Assets/TextMesh Pro/Resources/Fonts & Materials/LiberationSans SDF - Fallback.asset
  artifactKey: Guid(2e498d1c8094910479dc3e1b768306a4) Importer(815301076,1909f56bfc062723c751e8b465ee728b)
Start importing Assets/TextMesh Pro/Resources/Fonts & Materials/LiberationSans SDF - Fallback.asset using Guid(2e498d1c8094910479dc3e1b768306a4) Importer(815301076,1909f56bfc062723c751e8b465ee728b)  -> (artifact id: '01aa324ceee492aecdc068c15b819a6c') in 0.054739 seconds 
========================================================================
Received Import Request.
  Time since last request: 152.667085 seconds.
  path: Assets/Scenes/Shibenica.unity
  artifactKey: Guid(e343fd6b4d0aa6a4187b968552743c3d) Importer(815301076,1909f56bfc062723c751e8b465ee728b)
Start importing Assets/Scenes/Shibenica.unity using Guid(e343fd6b4d0aa6a4187b968552743c3d) Importer(815301076,1909f56bfc062723c751e8b465ee728b)  -> (artifact id: 'e60aab2c61cb5ca6a5933d98fb0b6c97') in 0.022104 seconds 
========================================================================
Received Import Request.
  Time since last request: 379.125562 seconds.
  path: Assets/Scenes/Match-3Scene.unity
  artifactKey: Guid(797aa92e7f004304883726517e52a097) Importer(815301076,1909f56bfc062723c751e8b465ee728b)
Start importing Assets/Scenes/Match-3Scene.unity using Guid(797aa92e7f004304883726517e52a097) Importer(815301076,1909f56bfc062723c751e8b465ee728b)  -> (artifact id: '4f6c6404e17b4e22bfe4fb453e4e0123') in 0.012893 seconds 
========================================================================
Received Prepare
Registering precompiled user dll's ...
Registered in 0.026709 seconds.
Begin MonoManager ReloadAssembly
Symbol file LoadedFromMemory doesn't match image E:\GitHub repos\BrainGoose\BrainGoose\Library\PackageCache\com.unity.visualscripting@1.8.0\Editor\VisualScripting.Core\Dependencies\YamlDotNet\Unity.VisualScripting.YamlDotNet.dll
Symbol file LoadedFromMemory doesn't match image E:\GitHub repos\BrainGoose\BrainGoose\Library\PackageCache\com.unity.visualscripting@1.8.0\Editor\VisualScripting.Core\Dependencies\DotNetZip\Unity.VisualScripting.IonicZip.dll
Native extension for WindowsStandalone target not found
Native extension for Android target not found
Refreshing native plugins compatible for Editor in 3.83 ms, found 4 plugins.
Preloading 0 native plugins for Editor in 0.00 ms.
Mono: successfully reloaded assembly
- Completed reload, in  3.500 seconds
Domain Reload Profiling:
	ReloadAssembly (3502ms)
		BeginReloadAssembly (310ms)
			ExecutionOrderSort (0ms)
			DisableScriptedObjects (16ms)
			BackupInstance (0ms)
			ReleaseScriptingObjects (0ms)
			CreateAndSetChildDomain (83ms)
		EndReloadAssembly (2930ms)
			LoadAssemblies (290ms)
			RebuildTransferFunctionScriptingTraits (0ms)
			SetupTypeCache (728ms)
			ReleaseScriptCaches (4ms)
			RebuildScriptCaches (147ms)
			SetupLoadedEditorAssemblies (1473ms)
				LogAssemblyErrors (0ms)
				InitializePlatformSupportModulesInManaged (61ms)
				SetLoadedEditorAssemblies (2ms)
				RefreshPlugins (4ms)
				BeforeProcessingInitializeOnLoad (218ms)
				ProcessInitializeOnLoadAttributes (1039ms)
				ProcessInitializeOnLoadMethodAttributes (135ms)
				AfterProcessingInitializeOnLoad (13ms)
				EditorAssembliesLoaded (1ms)
			ExecutionOrderSort2 (0ms)
			AwakeInstancesAfterBackupRestoration (24ms)
Platform modules already initialized, skipping
Refreshing native plugins compatible for Editor in 26.62 ms, found 4 plugins.
Preloading 0 native plugins for Editor in 0.00 ms.
Unloading 4006 Unused Serialized files (Serialized files now loaded: 0)
Unloading 43 unused Assets / (195.6 KB). Loaded Objects now: 4599.
Memory consumption went from 156.6 MB to 156.4 MB.
Total: 9.681700 ms (FindLiveObjects: 1.185300 ms CreateObjectMapping: 0.589700 ms MarkObjects: 7.406200 ms  DeleteObjects: 0.496600 ms)

AssetImportParameters requested are different than current active one (requested -> active):
  custom:video-decoder-ogg-theora: a1e56fd34408186e4bbccfd4996cb3dc -> 
  custom:container-muxer-webm: aa71ff27fc2769a1b78a27578f13a17b -> 
  custom:container-demuxer-webm: 4f35f7cbe854078d1ac9338744f61a02 -> 
  custom:video-encoder-webm-vp8: eb34c28f22e8b96e1ab97ce403110664 -> 
  custom:audio-encoder-webm-vorbis: bf7c407c2cedff20999df2af8eb42d56 -> 
  custom:framework-win-MediaFoundation: 216162199b28c13a410421893ffa2e32 -> 
  custom:container-demuxer-ogg: 62fdf1f143b41e24485cea50d1cbac27 -> 
  custom:video-decoder-webm-vp8: 9c59270c3fd7afecdb556c50c9e8de78 -> 
  custom:audio-decoder-ogg-vorbis: bf7c407c2cedff20999df2af8eb42d56 -> 
========================================================================
Received Import Request.
  Time since last request: 52.307957 seconds.
  path: Assets/Scenes/Main menu.unity
  artifactKey: Guid(efce47cb14ccaf24b970b31f0a14c5a2) Importer(815301076,1909f56bfc062723c751e8b465ee728b)
Start importing Assets/Scenes/Main menu.unity using Guid(efce47cb14ccaf24b970b31f0a14c5a2) Importer(815301076,1909f56bfc062723c751e8b465ee728b)  -> (artifact id: 'ca01cce79f869890d2e4eeefe31dc840') in 0.040765 seconds 
